<?xml version="1.0" encoding="UTF-8"?>
<!-- Generated by org.testng.reporters.JUnitXMLReporter -->
<testsuite hostname="DESKTOP-M0BNH46" ignored="0" name="firefoxTest" tests="1" failures="1" timestamp="09 Jun 2017 07:00:51 GMT" time="0.232" errors="0">
  <testcase name="verifytitle" time="0.188" classname="remotewebdriver.crossbrowser">
    <failure type="org.openqa.selenium.WebDriverException" message="Cannot find firefox binary in PATH. Make sure firefox is installed. OS appears to be: WIN10
Build info: version: &amp;apos;unknown&amp;apos;, revision: &amp;apos;1969d75&amp;apos;, time: &amp;apos;2016-10-18 09:43:45 -0700&amp;apos;
System info: host: &amp;apos;DESKTOP-M0BNH46&amp;apos;, ip: &amp;apos;192.168.1.109&amp;apos;, os.name: &amp;apos;Windows 10&amp;apos;, os.arch: &amp;apos;x86&amp;apos;, os.version: &amp;apos;10.0&amp;apos;, java.version: &amp;apos;1.8.0_111&amp;apos;
Driver info: driver.version: FirefoxDriver">
      <![CDATA[org.openqa.selenium.WebDriverException: Cannot find firefox binary in PATH. Make sure firefox is installed. OS appears to be: WIN10
Build info: version: 'unknown', revision: '1969d75', time: '2016-10-18 09:43:45 -0700'
System info: host: 'DESKTOP-M0BNH46', ip: '192.168.1.109', os.name: 'Windows 10', os.arch: 'x86', os.version: '10.0', java.version: '1.8.0_111'
Driver info: driver.version: FirefoxDriver
	at org.openqa.selenium.firefox.internal.Executable.<init>(Executable.java:75)
	at org.openqa.selenium.firefox.FirefoxBinary.<init>(FirefoxBinary.java:60)
	at org.openqa.selenium.firefox.FirefoxBinary.<init>(FirefoxBinary.java:56)
	at org.openqa.selenium.firefox.FirefoxDriver.<init>(FirefoxDriver.java:127)
	at remotewebdriver.crossbrowser.verifytitle(crossbrowser.java:21)
... Removed 25 stack frames]]>
    </failure>
  </testcase> <!-- verifytitle -->
</testsuite> <!-- firefoxTest -->
